2026-03-07 17:08:48 [background-preinit] INFO  o.h.validator.internal.util.Version - HV000001: Hibernate Validator 8.0.1.Final
2026-03-07 17:08:48 [main] INFO  com.ruoyi.RuoYiApplication - Starting RuoYiApplication using Java 17.0.2 with PID 34024 (E:\JAVA\wms-ruoyi-master\ruoyi-admin-wms\target\classes started by admin in E:\JAVA\wms-ruoyi-master)
2026-03-07 17:08:48 [main] INFO  com.ruoyi.RuoYiApplication - The following 1 profile is active: "dev"
2026-03-07 17:08:52 [main] INFO  io.undertow.servlet - Initializing Spring embedded WebApplicationContext
2026-03-07 17:08:53 [main] INFO  c.b.d.d.DynamicRoutingDataSource - dynamic-datasource detect P6SPY plugin and enabled it
2026-03-07 17:08:53 [main] INFO  com.zaxxer.hikari.HikariDataSource - master - Starting...
2026-03-07 17:08:53 [main] INFO  com.zaxxer.hikari.pool.HikariPool - master - Added connection com.mysql.cj.jdbc.ConnectionImpl@2b561f51
2026-03-07 17:08:53 [main] INFO  com.zaxxer.hikari.HikariDataSource - master - Start completed.
2026-03-07 17:08:53 [main] INFO  c.b.d.d.DynamicRoutingDataSource - dynamic-datasource - add a datasource named [slave] success
2026-03-07 17:08:53 [main] INFO  c.b.d.d.DynamicRoutingDataSource - dynamic-datasource - add a datasource named [master] success
2026-03-07 17:08:53 [main] INFO  c.b.d.d.DynamicRoutingDataSource - dynamic-datasource initial loaded [2] datasource,primary datasource named [master]
2026-03-07 17:09:10 [main] INFO  c.r.common.redis.config.RedisConfig - 初始化 redis 配置
2026-03-07 17:09:10 [main] INFO  org.redisson.Version - Redisson 3.29.0
2026-03-07 17:09:11 [redisson-netty-1-6] INFO  o.r.connection.ConnectionsHolder - 1 connections initialized for localhost/127.0.0.1:6379
2026-03-07 17:09:11 [redisson-netty-1-4] INFO  o.r.connection.ConnectionsHolder - 8 connections initialized for localhost/127.0.0.1:6379
2026-03-07 17:09:16 [main] INFO  c.r.common.json.config.JacksonConfig - 初始化 jackson 配置
2026-03-07 17:09:20 [main] INFO  io.undertow - starting server: Undertow - 2.3.13.Final
2026-03-07 17:09:20 [main] INFO  org.xnio - XNIO version 3.8.8.Final
2026-03-07 17:09:20 [main] INFO  org.xnio.nio - XNIO NIO Implementation Version 3.8.8.Final
2026-03-07 17:09:20 [main] INFO  org.jboss.threads - JBoss Threads version 3.5.0.Final
2026-03-07 17:09:20 [main] INFO  com.ruoyi.RuoYiApplication - Started RuoYiApplication in 32.952 seconds (process running for 35.922)
2026-03-07 17:09:21 [main] INFO  c.r.s.runner.SystemApplicationRunner - 初始化OSS配置成功
2026-03-07 17:09:21 [main] INFO  c.r.s.runner.SystemApplicationRunner - 加载参数缓存数据成功
2026-03-07 17:09:21 [main] INFO  c.r.s.runner.SystemApplicationRunner - 加载字典缓存数据成功
2026-03-07 17:09:27 [XNIO-1 task-2] INFO  io.undertow.servlet - Initializing Spring DispatcherServlet 'dispatcherServlet'
2026-03-07 17:09:27 [XNIO-1 task-2] INFO  c.r.c.w.i.PlusWebInvokeTimeInterceptor - [PLUS]开始请求 => URL[POST /login],参数类型[json],参数:[{"username":"admin","password":"000000"}]
2026-03-07 17:09:27 [schedule-pool-1] INFO  c.r.s.service.SysLogininforService - [0:0:0:0:0:0:0:1]内网IP[admin][Error][验证码已失效]
2026-03-07 17:09:27 [XNIO-1 task-2] INFO  c.r.c.w.i.PlusWebInvokeTimeInterceptor - [PLUS]结束请求 => URL[POST /login],耗时:[503]毫秒
2026-03-07 17:09:29 [XNIO-1 task-2] INFO  c.r.c.w.i.PlusWebInvokeTimeInterceptor - [PLUS]开始请求 => URL[POST /login],参数类型[json],参数:[{"username":"admin","password":"000000"}]
2026-03-07 17:09:29 [schedule-pool-1] INFO  c.r.s.service.SysLogininforService - [0:0:0:0:0:0:0:1]内网IP[admin][Error][验证码已失效]
2026-03-07 17:09:29 [XNIO-1 task-2] INFO  c.r.c.w.i.PlusWebInvokeTimeInterceptor - [PLUS]结束请求 => URL[POST /login],耗时:[11]毫秒
2026-03-07 17:09:33 [XNIO-1 task-2] INFO  c.r.c.w.i.PlusWebInvokeTimeInterceptor - [PLUS]开始请求 => URL[GET /captchaImage],无参数
2026-03-07 17:09:34 [XNIO-1 task-2] INFO  c.r.c.w.i.PlusWebInvokeTimeInterceptor - [PLUS]结束请求 => URL[GET /captchaImage],耗时:[380]毫秒
2026-03-07 17:09:37 [XNIO-1 task-2] INFO  c.r.c.w.i.PlusWebInvokeTimeInterceptor - [PLUS]开始请求 => URL[POST /login],参数类型[json],参数:[{"username":"admin","password":"000000","code":"9","uuid":"d87dfcfe39994def93d44b3a3c051b9b"}]
2026-03-07 17:09:38 [schedule-pool-2] INFO  c.r.s.service.SysLogininforService - [0:0:0:0:0:0:0:1]内网IP[admin][Success][登录成功]
2026-03-07 17:09:38 [XNIO-1 task-2] INFO  c.r.c.w.i.PlusWebInvokeTimeInterceptor - [PLUS]结束请求 => URL[POST /login],耗时:[835]毫秒
2026-03-07 17:09:38 [XNIO-1 task-2] INFO  c.r.c.w.i.PlusWebInvokeTimeInterceptor - [PLUS]开始请求 => URL[GET /getInfo],无参数
2026-03-07 17:09:38 [XNIO-1 task-5] INFO  c.r.c.w.i.PlusWebInvokeTimeInterceptor - [PLUS]开始请求 => URL[GET /wms/merchant/listNoPage],无参数
2026-03-07 17:09:38 [XNIO-1 task-4] INFO  c.r.c.w.i.PlusWebInvokeTimeInterceptor - [PLUS]开始请求 => URL[GET /wms/itemCategory/listNoPage],无参数
2026-03-07 17:09:38 [XNIO-1 task-3] INFO  c.r.c.w.i.PlusWebInvokeTimeInterceptor - [PLUS]开始请求 => URL[GET /wms/warehouse/listNoPage],无参数
2026-03-07 17:09:38 [XNIO-1 task-3] INFO  c.r.c.w.i.PlusWebInvokeTimeInterceptor - [PLUS]结束请求 => URL[GET /wms/warehouse/listNoPage],耗时:[62]毫秒
2026-03-07 17:09:38 [XNIO-1 task-4] INFO  c.r.c.w.i.PlusWebInvokeTimeInterceptor - [PLUS]结束请求 => URL[GET /wms/itemCategory/listNoPage],耗时:[63]毫秒
2026-03-07 17:09:38 [XNIO-1 task-5] INFO  c.r.c.w.i.PlusWebInvokeTimeInterceptor - [PLUS]结束请求 => URL[GET /wms/merchant/listNoPage],耗时:[65]毫秒
2026-03-07 17:09:38 [XNIO-1 task-2] INFO  c.r.c.w.i.PlusWebInvokeTimeInterceptor - [PLUS]结束请求 => URL[GET /getInfo],耗时:[129]毫秒
2026-03-07 17:09:38 [XNIO-1 task-3] INFO  c.r.c.w.i.PlusWebInvokeTimeInterceptor - [PLUS]开始请求 => URL[GET /wms/itemCategory/treeselect],无参数
2026-03-07 17:09:38 [XNIO-1 task-2] INFO  c.r.c.w.i.PlusWebInvokeTimeInterceptor - [PLUS]开始请求 => URL[GET /getRouters],无参数
2026-03-07 17:09:38 [XNIO-1 task-3] INFO  c.r.c.w.i.PlusWebInvokeTimeInterceptor - [PLUS]结束请求 => URL[GET /wms/itemCategory/treeselect],耗时:[16]毫秒
2026-03-07 17:09:38 [XNIO-1 task-3] INFO  c.r.c.w.i.PlusWebInvokeTimeInterceptor - [PLUS]开始请求 => URL[GET /wms/itemBrand/listNoPage],无参数
2026-03-07 17:09:38 [XNIO-1 task-2] INFO  c.r.c.w.i.PlusWebInvokeTimeInterceptor - [PLUS]结束请求 => URL[GET /getRouters],耗时:[38]毫秒
2026-03-07 17:09:38 [XNIO-1 task-3] INFO  c.r.c.w.i.PlusWebInvokeTimeInterceptor - [PLUS]结束请求 => URL[GET /wms/itemBrand/listNoPage],耗时:[27]毫秒
2026-03-07 17:09:43 [XNIO-1 task-3] INFO  c.r.c.w.i.PlusWebInvokeTimeInterceptor - [PLUS]开始请求 => URL[GET /system/dict/data/type/sys_normal_disable],无参数
2026-03-07 17:09:43 [XNIO-1 task-4] INFO  c.r.c.w.i.PlusWebInvokeTimeInterceptor - [PLUS]开始请求 => URL[GET /system/dict/data/type/sys_user_sex],无参数
2026-03-07 17:09:43 [XNIO-1 task-6] INFO  c.r.c.w.i.PlusWebInvokeTimeInterceptor - [PLUS]开始请求 => URL[GET /system/config/configKey/sys.user.initPassword],无参数
2026-03-07 17:09:43 [XNIO-1 task-2] INFO  c.r.c.w.i.PlusWebInvokeTimeInterceptor - [PLUS]开始请求 => URL[GET /system/user/deptTree],无参数
2026-03-07 17:09:43 [XNIO-1 task-5] INFO  c.r.c.w.i.PlusWebInvokeTimeInterceptor - [PLUS]开始请求 => URL[GET /system/user/list],参数类型[param],参数:[{"pageSize":["10"],"pageNum":["1"]}]
2026-03-07 17:09:43 [XNIO-1 task-3] INFO  c.r.c.w.i.PlusWebInvokeTimeInterceptor - [PLUS]结束请求 => URL[GET /system/dict/data/type/sys_normal_disable],耗时:[86]毫秒
2026-03-07 17:09:43 [XNIO-1 task-4] INFO  c.r.c.w.i.PlusWebInvokeTimeInterceptor - [PLUS]结束请求 => URL[GET /system/dict/data/type/sys_user_sex],耗时:[84]毫秒
2026-03-07 17:09:43 [XNIO-1 task-6] INFO  c.r.c.w.i.PlusWebInvokeTimeInterceptor - [PLUS]结束请求 => URL[GET /system/config/configKey/sys.user.initPassword],耗时:[62]毫秒
2026-03-07 17:09:43 [XNIO-1 task-2] INFO  c.r.c.w.i.PlusWebInvokeTimeInterceptor - [PLUS]结束请求 => URL[GET /system/user/deptTree],耗时:[64]毫秒
2026-03-07 17:09:44 [XNIO-1 task-5] INFO  c.r.c.w.i.PlusWebInvokeTimeInterceptor - [PLUS]结束请求 => URL[GET /system/user/list],耗时:[234]毫秒
2026-03-07 17:09:45 [XNIO-1 task-5] INFO  c.r.c.w.i.PlusWebInvokeTimeInterceptor - [PLUS]开始请求 => URL[GET /system/role/list],参数类型[param],参数:[{"pageSize":["10"],"pageNum":["1"]}]
2026-03-07 17:09:45 [XNIO-1 task-5] INFO  c.r.c.w.i.PlusWebInvokeTimeInterceptor - [PLUS]结束请求 => URL[GET /system/role/list],耗时:[32]毫秒
2026-03-07 17:09:46 [XNIO-1 task-6] INFO  c.r.c.w.i.PlusWebInvokeTimeInterceptor - [PLUS]开始请求 => URL[GET /system/config/configKey/sys.user.initPassword],无参数
2026-03-07 17:09:46 [XNIO-1 task-6] INFO  c.r.c.w.i.PlusWebInvokeTimeInterceptor - [PLUS]结束请求 => URL[GET /system/config/configKey/sys.user.initPassword],耗时:[4]毫秒
2026-03-07 17:09:46 [XNIO-1 task-2] INFO  c.r.c.w.i.PlusWebInvokeTimeInterceptor - [PLUS]开始请求 => URL[GET /system/user/list],参数类型[param],参数:[{"pageSize":["10"],"pageNum":["1"]}]
2026-03-07 17:09:46 [XNIO-1 task-5] INFO  c.r.c.w.i.PlusWebInvokeTimeInterceptor - [PLUS]开始请求 => URL[GET /system/user/deptTree],无参数
2026-03-07 17:09:46 [XNIO-1 task-5] INFO  c.r.c.w.i.PlusWebInvokeTimeInterceptor - [PLUS]结束请求 => URL[GET /system/user/deptTree],耗时:[10]毫秒
2026-03-07 17:09:46 [XNIO-1 task-2] INFO  c.r.c.w.i.PlusWebInvokeTimeInterceptor - [PLUS]结束请求 => URL[GET /system/user/list],耗时:[18]毫秒
2026-03-07 17:09:48 [XNIO-1 task-2] INFO  c.r.c.w.i.PlusWebInvokeTimeInterceptor - [PLUS]开始请求 => URL[GET /system/role/list],参数类型[param],参数:[{"pageSize":["10"],"pageNum":["1"]}]
2026-03-07 17:09:48 [XNIO-1 task-2] INFO  c.r.c.w.i.PlusWebInvokeTimeInterceptor - [PLUS]结束请求 => URL[GET /system/role/list],耗时:[19]毫秒
2026-03-07 17:09:49 [XNIO-1 task-5] INFO  c.r.c.w.i.PlusWebInvokeTimeInterceptor - [PLUS]开始请求 => URL[GET /system/dict/data/type/sys_show_hide],无参数
2026-03-07 17:09:49 [XNIO-1 task-5] INFO  c.r.c.w.i.PlusWebInvokeTimeInterceptor - [PLUS]结束请求 => URL[GET /system/dict/data/type/sys_show_hide],耗时:[27]毫秒
2026-03-07 17:09:49 [XNIO-1 task-2] INFO  c.r.c.w.i.PlusWebInvokeTimeInterceptor - [PLUS]开始请求 => URL[GET /system/menu/list],无参数
2026-03-07 17:09:50 [XNIO-1 task-2] INFO  c.r.c.w.i.PlusWebInvokeTimeInterceptor - [PLUS]结束请求 => URL[GET /system/menu/list],耗时:[44]毫秒
2026-03-07 17:09:50 [XNIO-1 task-2] INFO  c.r.c.w.i.PlusWebInvokeTimeInterceptor - [PLUS]开始请求 => URL[GET /system/dict/type/list],参数类型[param],参数:[{"pageSize":["10"],"pageNum":["1"]}]
2026-03-07 17:09:50 [XNIO-1 task-2] INFO  c.r.c.w.i.PlusWebInvokeTimeInterceptor - [PLUS]结束请求 => URL[GET /system/dict/type/list],耗时:[31]毫秒
2026-03-07 17:09:51 [XNIO-1 task-5] INFO  c.r.c.w.i.PlusWebInvokeTimeInterceptor - [PLUS]开始请求 => URL[GET /system/dict/data/type/sys_yes_no],无参数
2026-03-07 17:09:51 [XNIO-1 task-5] INFO  c.r.c.w.i.PlusWebInvokeTimeInterceptor - [PLUS]结束请求 => URL[GET /system/dict/data/type/sys_yes_no],耗时:[2]毫秒
2026-03-07 17:09:51 [XNIO-1 task-2] INFO  c.r.c.w.i.PlusWebInvokeTimeInterceptor - [PLUS]开始请求 => URL[GET /system/config/list],参数类型[param],参数:[{"pageSize":["10"],"pageNum":["1"]}]
2026-03-07 17:09:51 [XNIO-1 task-2] INFO  c.r.c.w.i.PlusWebInvokeTimeInterceptor - [PLUS]结束请求 => URL[GET /system/config/list],耗时:[11]毫秒
2026-03-07 17:09:52 [XNIO-1 task-2] INFO  c.r.c.w.i.PlusWebInvokeTimeInterceptor - [PLUS]开始请求 => URL[GET /system/dict/type/list],参数类型[param],参数:[{"pageSize":["10"],"pageNum":["1"]}]
2026-03-07 17:09:52 [XNIO-1 task-2] INFO  c.r.c.w.i.PlusWebInvokeTimeInterceptor - [PLUS]结束请求 => URL[GET /system/dict/type/list],耗时:[9]毫秒
2026-03-07 17:09:56 [XNIO-1 task-2] INFO  c.r.c.w.i.PlusWebInvokeTimeInterceptor - [PLUS]开始请求 => URL[GET /system/config/list],参数类型[param],参数:[{"pageSize":["10"],"pageNum":["1"]}]
2026-03-07 17:09:56 [XNIO-1 task-2] INFO  c.r.c.w.i.PlusWebInvokeTimeInterceptor - [PLUS]结束请求 => URL[GET /system/config/list],耗时:[28]毫秒
2026-03-07 17:09:57 [XNIO-1 task-2] INFO  c.r.c.w.i.PlusWebInvokeTimeInterceptor - [PLUS]开始请求 => URL[GET /system/dict/data/type/wms_movement_status],无参数
2026-03-07 17:09:57 [XNIO-1 task-2] INFO  c.r.c.w.i.PlusWebInvokeTimeInterceptor - [PLUS]结束请求 => URL[GET /system/dict/data/type/wms_movement_status],耗时:[3]毫秒
2026-03-07 17:09:57 [XNIO-1 task-5] INFO  c.r.c.w.i.PlusWebInvokeTimeInterceptor - [PLUS]开始请求 => URL[GET /wms/movementOrder/list],参数类型[param],参数:[{"pageSize":["10"],"pageNum":["1"]}]
2026-03-07 17:09:57 [XNIO-1 task-5] INFO  c.r.c.w.i.PlusWebInvokeTimeInterceptor - [PLUS]结束请求 => URL[GET /wms/movementOrder/list],耗时:[34]毫秒
2026-03-07 17:09:59 [XNIO-1 task-5] INFO  c.r.c.w.i.PlusWebInvokeTimeInterceptor - [PLUS]开始请求 => URL[GET /wms/movementOrder/list],参数类型[param],参数:[{"orderStatus":["0"],"pageSize":["10"],"pageNum":["1"]}]
2026-03-07 17:09:59 [XNIO-1 task-5] INFO  c.r.c.w.i.PlusWebInvokeTimeInterceptor - [PLUS]结束请求 => URL[GET /wms/movementOrder/list],耗时:[7]毫秒
2026-03-07 17:10:00 [XNIO-1 task-5] INFO  c.r.c.w.i.PlusWebInvokeTimeInterceptor - [PLUS]开始请求 => URL[GET /wms/movementOrder/list],参数类型[param],参数:[{"pageSize":["10"],"pageNum":["1"]}]
2026-03-07 17:10:00 [XNIO-1 task-5] INFO  c.r.c.w.i.PlusWebInvokeTimeInterceptor - [PLUS]结束请求 => URL[GET /wms/movementOrder/list],耗时:[7]毫秒
2026-03-07 17:10:01 [XNIO-1 task-5] INFO  c.r.c.w.i.PlusWebInvokeTimeInterceptor - [PLUS]开始请求 => URL[GET /system/dict/data/type/wms_shipment_status],无参数
2026-03-07 17:10:01 [XNIO-1 task-6] INFO  c.r.c.w.i.PlusWebInvokeTimeInterceptor - [PLUS]开始请求 => URL[GET /system/dict/data/type/wms_shipment_type],无参数
2026-03-07 17:10:01 [XNIO-1 task-5] INFO  c.r.c.w.i.PlusWebInvokeTimeInterceptor - [PLUS]结束请求 => URL[GET /system/dict/data/type/wms_shipment_status],耗时:[4]毫秒
2026-03-07 17:10:01 [XNIO-1 task-2] INFO  c.r.c.w.i.PlusWebInvokeTimeInterceptor - [PLUS]开始请求 => URL[GET /wms/shipmentOrder/list],参数类型[param],参数:[{"pageSize":["10"],"pageNum":["1"]}]
2026-03-07 17:10:01 [XNIO-1 task-6] INFO  c.r.c.w.i.PlusWebInvokeTimeInterceptor - [PLUS]结束请求 => URL[GET /system/dict/data/type/wms_shipment_type],耗时:[7]毫秒
2026-03-07 17:10:02 [XNIO-1 task-2] INFO  c.r.c.w.i.PlusWebInvokeTimeInterceptor - [PLUS]结束请求 => URL[GET /wms/shipmentOrder/list],耗时:[29]毫秒
2026-03-07 17:10:03 [XNIO-1 task-2] INFO  c.r.c.w.i.PlusWebInvokeTimeInterceptor - [PLUS]开始请求 => URL[GET /system/dict/data/type/wms_receipt_type],无参数
2026-03-07 17:10:03 [XNIO-1 task-6] INFO  c.r.c.w.i.PlusWebInvokeTimeInterceptor - [PLUS]开始请求 => URL[GET /system/dict/data/type/wms_receipt_status],无参数
2026-03-07 17:10:03 [XNIO-1 task-2] INFO  c.r.c.w.i.PlusWebInvokeTimeInterceptor - [PLUS]结束请求 => URL[GET /system/dict/data/type/wms_receipt_type],耗时:[3]毫秒
2026-03-07 17:10:03 [XNIO-1 task-6] INFO  c.r.c.w.i.PlusWebInvokeTimeInterceptor - [PLUS]结束请求 => URL[GET /system/dict/data/type/wms_receipt_status],耗时:[3]毫秒
2026-03-07 17:10:03 [XNIO-1 task-5] INFO  c.r.c.w.i.PlusWebInvokeTimeInterceptor - [PLUS]开始请求 => URL[GET /wms/receiptOrder/list],参数类型[param],参数:[{"pageSize":["10"],"pageNum":["1"]}]
2026-03-07 17:10:03 [XNIO-1 task-5] INFO  c.r.c.w.i.PlusWebInvokeTimeInterceptor - [PLUS]结束请求 => URL[GET /wms/receiptOrder/list],耗时:[26]毫秒
2026-03-07 17:10:07 [XNIO-1 task-5] INFO  c.r.c.w.i.PlusWebInvokeTimeInterceptor - [PLUS]开始请求 => URL[GET /system/dict/data/type/wms_inventory_history_type],无参数
2026-03-07 17:10:07 [XNIO-1 task-5] INFO  c.r.c.w.i.PlusWebInvokeTimeInterceptor - [PLUS]结束请求 => URL[GET /system/dict/data/type/wms_inventory_history_type],耗时:[2]毫秒
2026-03-07 17:10:07 [XNIO-1 task-2] INFO  c.r.c.w.i.PlusWebInvokeTimeInterceptor - [PLUS]开始请求 => URL[GET /wms/inventoryHistory/list],参数类型[param],参数:[{"pageSize":["10"],"pageNum":["1"]}]
2026-03-07 17:10:07 [XNIO-1 task-2] INFO  c.r.c.w.i.PlusWebInvokeTimeInterceptor - [PLUS]结束请求 => URL[GET /wms/inventoryHistory/list],耗时:[94]毫秒
2026-03-07 17:10:08 [XNIO-1 task-2] INFO  c.r.c.w.i.PlusWebInvokeTimeInterceptor - [PLUS]开始请求 => URL[GET /wms/inventory/boardList/warehouse],参数类型[param],参数:[{"pageSize":["10"],"pageNum":["1"]}]
2026-03-07 17:10:08 [XNIO-1 task-2] INFO  c.r.c.w.i.PlusWebInvokeTimeInterceptor - [PLUS]结束请求 => URL[GET /wms/inventory/boardList/warehouse],耗时:[34]毫秒
2026-03-07 17:10:11 [XNIO-1 task-2] INFO  c.r.c.w.i.PlusWebInvokeTimeInterceptor - [PLUS]开始请求 => URL[GET /wms/inventory/boardList/item],参数类型[param],参数:[{"pageSize":["10"],"pageNum":["1"]}]
2026-03-07 17:10:11 [XNIO-1 task-2] INFO  c.r.c.w.i.PlusWebInvokeTimeInterceptor - [PLUS]结束请求 => URL[GET /wms/inventory/boardList/item],耗时:[7]毫秒
2026-03-07 17:10:12 [XNIO-1 task-2] INFO  c.r.c.w.i.PlusWebInvokeTimeInterceptor - [PLUS]开始请求 => URL[GET /wms/inventory/boardList/warehouse],参数类型[param],参数:[{"pageSize":["10"],"pageNum":["1"]}]
2026-03-07 17:10:12 [XNIO-1 task-2] INFO  c.r.c.w.i.PlusWebInvokeTimeInterceptor - [PLUS]结束请求 => URL[GET /wms/inventory/boardList/warehouse],耗时:[6]毫秒
2026-03-07 17:10:13 [XNIO-1 task-2] INFO  c.r.c.w.i.PlusWebInvokeTimeInterceptor - [PLUS]开始请求 => URL[GET /wms/inventory/boardList/item],参数类型[param],参数:[{"pageSize":["10"],"pageNum":["1"]}]
2026-03-07 17:10:13 [XNIO-1 task-2] INFO  c.r.c.w.i.PlusWebInvokeTimeInterceptor - [PLUS]结束请求 => URL[GET /wms/inventory/boardList/item],耗时:[9]毫秒
2026-03-07 17:10:14 [XNIO-1 task-2] INFO  c.r.c.w.i.PlusWebInvokeTimeInterceptor - [PLUS]开始请求 => URL[GET /wms/inventory/boardList/warehouse],参数类型[param],参数:[{"pageSize":["10"],"pageNum":["1"]}]
2026-03-07 17:10:14 [XNIO-1 task-2] INFO  c.r.c.w.i.PlusWebInvokeTimeInterceptor - [PLUS]结束请求 => URL[GET /wms/inventory/boardList/warehouse],耗时:[6]毫秒
2026-03-07 17:10:15 [XNIO-1 task-2] INFO  c.r.c.w.i.PlusWebInvokeTimeInterceptor - [PLUS]开始请求 => URL[GET /wms/inventory/boardList/item],参数类型[param],参数:[{"pageSize":["10"],"pageNum":["1"]}]
2026-03-07 17:10:15 [XNIO-1 task-2] INFO  c.r.c.w.i.PlusWebInvokeTimeInterceptor - [PLUS]结束请求 => URL[GET /wms/inventory/boardList/item],耗时:[7]毫秒
2026-03-07 17:10:28 [XNIO-1 task-2] INFO  c.r.c.w.i.PlusWebInvokeTimeInterceptor - [PLUS]开始请求 => URL[GET /wms/shipmentOrder/list],参数类型[param],参数:[{"pageSize":["10"],"pageNum":["1"]}]
2026-03-07 17:10:28 [XNIO-1 task-2] INFO  c.r.c.w.i.PlusWebInvokeTimeInterceptor - [PLUS]结束请求 => URL[GET /wms/shipmentOrder/list],耗时:[9]毫秒
2026-03-07 17:10:31 [XNIO-1 task-2] INFO  c.r.c.w.i.PlusWebInvokeTimeInterceptor - [PLUS]开始请求 => URL[GET /system/user/profile],无参数
2026-03-07 17:10:31 [XNIO-1 task-2] INFO  c.r.c.w.i.PlusWebInvokeTimeInterceptor - [PLUS]结束请求 => URL[GET /system/user/profile],耗时:[27]毫秒
2026-03-07 17:10:55 [SpringApplicationShutdownHook] INFO  io.undertow - stopping server: Undertow - 2.3.13.Final
2026-03-07 17:10:55 [SpringApplicationShutdownHook] INFO  io.undertow.servlet - Destroying Spring FrameworkServlet 'dispatcherServlet'
2026-03-07 17:10:55 [SpringApplicationShutdownHook] INFO  c.r.c.core.config.ThreadPoolConfig - ====关闭后台任务任务线程池====
2026-03-07 17:10:55 [SpringApplicationShutdownHook] INFO  c.b.d.d.DynamicRoutingDataSource - dynamic-datasource start closing ....
2026-03-07 17:10:55 [SpringApplicationShutdownHook] INFO  c.b.d.d.d.DefaultDataSourceDestroyer - dynamic-datasource close the datasource named [slave] success,
2026-03-07 17:10:55 [SpringApplicationShutdownHook] INFO  com.zaxxer.hikari.HikariDataSource - master - Shutdown initiated...
2026-03-07 17:10:55 [SpringApplicationShutdownHook] INFO  com.zaxxer.hikari.HikariDataSource - master - Shutdown completed.
2026-03-07 17:10:55 [SpringApplicationShutdownHook] INFO  c.b.d.d.d.DefaultDataSourceDestroyer - dynamic-datasource close the datasource named [master] success,
2026-03-07 17:10:55 [SpringApplicationShutdownHook] INFO  c.b.d.d.DynamicRoutingDataSource - dynamic-datasource all closed success,bye
