2025-06-05 10:26:14 [background-preinit] INFO  o.h.validator.internal.util.Version - HV000001: Hibernate Validator 8.0.1.Final
2025-06-05 10:26:14 [main] INFO  com.ruoyi.RuoYiApplication - Starting RuoYiApplication using Java 17.0.2 with PID 13792 (E:\JAVA\wms-ruoyi-master\ruoyi-admin-wms\target\classes started by admin in E:\JAVA\wms-ruoyi-master)
2025-06-05 10:26:14 [main] INFO  com.ruoyi.RuoYiApplication - The following 1 profile is active: "dev"
2025-06-05 10:26:17 [main] INFO  io.undertow.servlet - Initializing Spring embedded WebApplicationContext
2025-06-05 10:26:18 [main] INFO  c.b.d.d.DynamicRoutingDataSource - dynamic-datasource detect P6SPY plugin and enabled it
2025-06-05 10:26:18 [main] INFO  com.zaxxer.hikari.HikariDataSource - master - Starting...
2025-06-05 10:26:18 [main] INFO  com.zaxxer.hikari.pool.HikariPool - master - Added connection com.mysql.cj.jdbc.ConnectionImpl@7ea039b4
2025-06-05 10:26:18 [main] INFO  com.zaxxer.hikari.HikariDataSource - master - Start completed.
2025-06-05 10:26:18 [main] INFO  c.b.d.d.DynamicRoutingDataSource - dynamic-datasource - add a datasource named [slave] success
2025-06-05 10:26:18 [main] INFO  c.b.d.d.DynamicRoutingDataSource - dynamic-datasource - add a datasource named [master] success
2025-06-05 10:26:18 [main] INFO  c.b.d.d.DynamicRoutingDataSource - dynamic-datasource initial loaded [2] datasource,primary datasource named [master]
2025-06-05 10:26:19 [main] INFO  c.r.common.redis.config.RedisConfig - 初始化 redis 配置
2025-06-05 10:26:19 [main] INFO  org.redisson.Version - Redisson 3.29.0
2025-06-05 10:26:20 [redisson-netty-1-5] INFO  o.r.connection.ConnectionsHolder - 1 connections initialized for localhost/127.0.0.1:6379
2025-06-05 10:26:20 [redisson-netty-1-4] INFO  o.r.connection.ConnectionsHolder - 8 connections initialized for localhost/127.0.0.1:6379
2025-06-05 10:26:21 [main] INFO  c.r.common.json.config.JacksonConfig - 初始化 jackson 配置
2025-06-05 10:26:22 [main] INFO  io.undertow - starting server: Undertow - 2.3.13.Final
2025-06-05 10:26:22 [main] INFO  org.xnio - XNIO version 3.8.8.Final
2025-06-05 10:26:22 [main] INFO  org.xnio.nio - XNIO NIO Implementation Version 3.8.8.Final
2025-06-05 10:26:22 [main] INFO  org.jboss.threads - JBoss Threads version 3.5.0.Final
2025-06-05 10:26:22 [main] INFO  com.ruoyi.RuoYiApplication - Started RuoYiApplication in 8.735 seconds (process running for 9.637)
2025-06-05 10:26:23 [main] INFO  c.r.s.runner.SystemApplicationRunner - 初始化OSS配置成功
2025-06-05 10:26:23 [main] INFO  c.r.s.runner.SystemApplicationRunner - 加载参数缓存数据成功
2025-06-05 10:26:23 [main] INFO  c.r.s.runner.SystemApplicationRunner - 加载字典缓存数据成功
2025-06-05 10:28:55 [XNIO-1 task-2] INFO  io.undertow.servlet - Initializing Spring DispatcherServlet 'dispatcherServlet'
2025-06-05 10:28:55 [XNIO-1 task-2] INFO  c.r.c.w.i.PlusWebInvokeTimeInterceptor - [PLUS]开始请求 => URL[GET /captchaImage],无参数
2025-06-05 10:28:55 [XNIO-1 task-2] INFO  c.r.c.w.i.PlusWebInvokeTimeInterceptor - [PLUS]结束请求 => URL[GET /captchaImage],耗时:[405]毫秒
2025-06-05 10:28:58 [XNIO-1 task-2] INFO  c.r.c.w.i.PlusWebInvokeTimeInterceptor - [PLUS]开始请求 => URL[GET /captchaImage],无参数
2025-06-05 10:28:58 [XNIO-1 task-2] INFO  c.r.c.w.i.PlusWebInvokeTimeInterceptor - [PLUS]结束请求 => URL[GET /captchaImage],耗时:[7]毫秒
2025-06-05 10:29:01 [XNIO-1 task-2] INFO  c.r.c.w.i.PlusWebInvokeTimeInterceptor - [PLUS]开始请求 => URL[POST /login],参数类型[json],参数:[{"username":"admin","password":"000000","code":"0","uuid":"8198a581600349189fbad2294921315e"}]
2025-06-05 10:29:01 [schedule-pool-1] INFO  c.r.s.service.SysLogininforService - [127.0.0.1]内网IP[admin][Success][登录成功]
2025-06-05 10:29:01 [XNIO-1 task-2] INFO  c.r.c.w.i.PlusWebInvokeTimeInterceptor - [PLUS]结束请求 => URL[POST /login],耗时:[516]毫秒
2025-06-05 10:29:01 [XNIO-1 task-4] INFO  c.r.c.w.i.PlusWebInvokeTimeInterceptor - [PLUS]开始请求 => URL[GET /getInfo],无参数
2025-06-05 10:29:01 [XNIO-1 task-2] INFO  c.r.c.w.i.PlusWebInvokeTimeInterceptor - [PLUS]开始请求 => URL[GET /wms/warehouse/listNoPage],无参数
2025-06-05 10:29:01 [XNIO-1 task-3] INFO  c.r.c.w.i.PlusWebInvokeTimeInterceptor - [PLUS]开始请求 => URL[GET /wms/merchant/listNoPage],无参数
2025-06-05 10:29:01 [XNIO-1 task-5] INFO  c.r.c.w.i.PlusWebInvokeTimeInterceptor - [PLUS]开始请求 => URL[GET /wms/itemCategory/listNoPage],无参数
2025-06-05 10:29:01 [XNIO-1 task-3] INFO  c.r.c.w.i.PlusWebInvokeTimeInterceptor - [PLUS]结束请求 => URL[GET /wms/merchant/listNoPage],耗时:[25]毫秒
2025-06-05 10:29:01 [XNIO-1 task-2] INFO  c.r.c.w.i.PlusWebInvokeTimeInterceptor - [PLUS]结束请求 => URL[GET /wms/warehouse/listNoPage],耗时:[27]毫秒
2025-06-05 10:29:01 [XNIO-1 task-5] INFO  c.r.c.w.i.PlusWebInvokeTimeInterceptor - [PLUS]结束请求 => URL[GET /wms/itemCategory/listNoPage],耗时:[26]毫秒
2025-06-05 10:29:01 [XNIO-1 task-4] INFO  c.r.c.w.i.PlusWebInvokeTimeInterceptor - [PLUS]结束请求 => URL[GET /getInfo],耗时:[59]毫秒
2025-06-05 10:29:01 [XNIO-1 task-5] INFO  c.r.c.w.i.PlusWebInvokeTimeInterceptor - [PLUS]开始请求 => URL[GET /wms/itemCategory/treeselect],无参数
2025-06-05 10:29:01 [XNIO-1 task-5] INFO  c.r.c.w.i.PlusWebInvokeTimeInterceptor - [PLUS]结束请求 => URL[GET /wms/itemCategory/treeselect],耗时:[8]毫秒
2025-06-05 10:29:01 [XNIO-1 task-4] INFO  c.r.c.w.i.PlusWebInvokeTimeInterceptor - [PLUS]开始请求 => URL[GET /getRouters],无参数
2025-06-05 10:29:01 [XNIO-1 task-5] INFO  c.r.c.w.i.PlusWebInvokeTimeInterceptor - [PLUS]开始请求 => URL[GET /wms/itemBrand/listNoPage],无参数
2025-06-05 10:29:01 [XNIO-1 task-4] INFO  c.r.c.w.i.PlusWebInvokeTimeInterceptor - [PLUS]结束请求 => URL[GET /getRouters],耗时:[18]毫秒
2025-06-05 10:29:01 [XNIO-1 task-5] INFO  c.r.c.w.i.PlusWebInvokeTimeInterceptor - [PLUS]结束请求 => URL[GET /wms/itemBrand/listNoPage],耗时:[21]毫秒
2025-06-05 10:29:04 [XNIO-1 task-5] INFO  c.r.c.w.i.PlusWebInvokeTimeInterceptor - [PLUS]开始请求 => URL[GET /wms/inventory/boardList/warehouse],参数类型[param],参数:[{"pageSize":["10"],"pageNum":["1"]}]
2025-06-05 10:29:04 [XNIO-1 task-5] INFO  c.r.c.w.i.PlusWebInvokeTimeInterceptor - [PLUS]结束请求 => URL[GET /wms/inventory/boardList/warehouse],耗时:[86]毫秒
2025-06-05 10:29:10 [XNIO-1 task-5] INFO  c.r.c.w.i.PlusWebInvokeTimeInterceptor - [PLUS]开始请求 => URL[GET /system/dict/data/type/wms_inventory_history_type],无参数
2025-06-05 10:29:10 [XNIO-1 task-4] INFO  c.r.c.w.i.PlusWebInvokeTimeInterceptor - [PLUS]开始请求 => URL[GET /wms/inventoryHistory/list],参数类型[param],参数:[{"pageSize":["10"],"pageNum":["1"]}]
2025-06-05 10:29:10 [XNIO-1 task-5] INFO  c.r.c.w.i.PlusWebInvokeTimeInterceptor - [PLUS]结束请求 => URL[GET /system/dict/data/type/wms_inventory_history_type],耗时:[17]毫秒
2025-06-05 10:29:10 [XNIO-1 task-4] INFO  c.r.c.w.i.PlusWebInvokeTimeInterceptor - [PLUS]结束请求 => URL[GET /wms/inventoryHistory/list],耗时:[34]毫秒
2025-06-05 10:29:12 [XNIO-1 task-4] INFO  c.r.c.w.i.PlusWebInvokeTimeInterceptor - [PLUS]开始请求 => URL[GET /wms/inventory/boardList/warehouse],参数类型[param],参数:[{"pageSize":["10"],"pageNum":["1"]}]
2025-06-05 10:29:12 [XNIO-1 task-4] INFO  c.r.c.w.i.PlusWebInvokeTimeInterceptor - [PLUS]结束请求 => URL[GET /wms/inventory/boardList/warehouse],耗时:[10]毫秒
2025-06-05 10:29:31 [XNIO-1 task-2] INFO  c.r.c.w.i.PlusWebInvokeTimeInterceptor - [PLUS]开始请求 => URL[GET /system/dict/data/type/wms_receipt_type],无参数
2025-06-05 10:29:31 [XNIO-1 task-4] INFO  c.r.c.w.i.PlusWebInvokeTimeInterceptor - [PLUS]开始请求 => URL[GET /system/dict/data/type/wms_receipt_status],无参数
2025-06-05 10:29:32 [XNIO-1 task-4] INFO  c.r.c.w.i.PlusWebInvokeTimeInterceptor - [PLUS]结束请求 => URL[GET /system/dict/data/type/wms_receipt_status],耗时:[2]毫秒
2025-06-05 10:29:32 [XNIO-1 task-2] INFO  c.r.c.w.i.PlusWebInvokeTimeInterceptor - [PLUS]结束请求 => URL[GET /system/dict/data/type/wms_receipt_type],耗时:[4]毫秒
2025-06-05 10:29:32 [XNIO-1 task-5] INFO  c.r.c.w.i.PlusWebInvokeTimeInterceptor - [PLUS]开始请求 => URL[GET /wms/receiptOrder/list],参数类型[param],参数:[{"pageSize":["10"],"pageNum":["1"]}]
2025-06-05 10:29:32 [XNIO-1 task-5] INFO  c.r.c.w.i.PlusWebInvokeTimeInterceptor - [PLUS]结束请求 => URL[GET /wms/receiptOrder/list],耗时:[22]毫秒
2025-06-05 10:34:44 [XNIO-1 task-5] INFO  c.r.c.w.i.PlusWebInvokeTimeInterceptor - [PLUS]开始请求 => URL[GET /system/dict/data/type/wms_shipment_status],无参数
2025-06-05 10:34:44 [XNIO-1 task-4] INFO  c.r.c.w.i.PlusWebInvokeTimeInterceptor - [PLUS]开始请求 => URL[GET /system/dict/data/type/wms_shipment_type],无参数
2025-06-05 10:34:44 [XNIO-1 task-5] INFO  c.r.c.w.i.PlusWebInvokeTimeInterceptor - [PLUS]结束请求 => URL[GET /system/dict/data/type/wms_shipment_status],耗时:[2]毫秒
2025-06-05 10:34:44 [XNIO-1 task-4] INFO  c.r.c.w.i.PlusWebInvokeTimeInterceptor - [PLUS]结束请求 => URL[GET /system/dict/data/type/wms_shipment_type],耗时:[3]毫秒
2025-06-05 10:34:44 [XNIO-1 task-2] INFO  c.r.c.w.i.PlusWebInvokeTimeInterceptor - [PLUS]开始请求 => URL[GET /wms/shipmentOrder/list],参数类型[param],参数:[{"pageSize":["10"],"pageNum":["1"]}]
2025-06-05 10:34:44 [XNIO-1 task-2] INFO  c.r.c.w.i.PlusWebInvokeTimeInterceptor - [PLUS]结束请求 => URL[GET /wms/shipmentOrder/list],耗时:[18]毫秒
2025-06-05 10:34:45 [XNIO-1 task-2] INFO  c.r.c.w.i.PlusWebInvokeTimeInterceptor - [PLUS]开始请求 => URL[GET /system/dict/data/type/wms_movement_status],无参数
2025-06-05 10:34:45 [XNIO-1 task-2] INFO  c.r.c.w.i.PlusWebInvokeTimeInterceptor - [PLUS]结束请求 => URL[GET /system/dict/data/type/wms_movement_status],耗时:[5]毫秒
2025-06-05 10:34:45 [XNIO-1 task-4] INFO  c.r.c.w.i.PlusWebInvokeTimeInterceptor - [PLUS]开始请求 => URL[GET /wms/movementOrder/list],参数类型[param],参数:[{"pageSize":["10"],"pageNum":["1"]}]
2025-06-05 10:34:45 [XNIO-1 task-4] INFO  c.r.c.w.i.PlusWebInvokeTimeInterceptor - [PLUS]结束请求 => URL[GET /wms/movementOrder/list],耗时:[25]毫秒
2025-06-05 14:19:47 [SpringApplicationShutdownHook] INFO  io.undertow - stopping server: Undertow - 2.3.13.Final
2025-06-05 14:19:47 [SpringApplicationShutdownHook] INFO  io.undertow.servlet - Destroying Spring FrameworkServlet 'dispatcherServlet'
2025-06-05 14:19:47 [SpringApplicationShutdownHook] INFO  c.r.c.core.config.ThreadPoolConfig - ====关闭后台任务任务线程池====
2025-06-05 14:19:47 [SpringApplicationShutdownHook] INFO  c.b.d.d.DynamicRoutingDataSource - dynamic-datasource start closing ....
2025-06-05 14:19:47 [SpringApplicationShutdownHook] INFO  c.b.d.d.d.DefaultDataSourceDestroyer - dynamic-datasource close the datasource named [slave] success,
2025-06-05 14:19:47 [SpringApplicationShutdownHook] INFO  com.zaxxer.hikari.HikariDataSource - master - Shutdown initiated...
2025-06-05 14:19:47 [SpringApplicationShutdownHook] INFO  com.zaxxer.hikari.HikariDataSource - master - Shutdown completed.
2025-06-05 14:19:47 [SpringApplicationShutdownHook] INFO  c.b.d.d.d.DefaultDataSourceDestroyer - dynamic-datasource close the datasource named [master] success,
2025-06-05 14:19:47 [SpringApplicationShutdownHook] INFO  c.b.d.d.DynamicRoutingDataSource - dynamic-datasource all closed success,bye
2025-06-05 17:32:22 [background-preinit] INFO  o.h.validator.internal.util.Version - HV000001: Hibernate Validator 8.0.1.Final
2025-06-05 17:32:22 [main] INFO  com.ruoyi.RuoYiApplication - Starting RuoYiApplication using Java 17.0.2 with PID 16784 (E:\JAVA\wms-ruoyi-master\ruoyi-admin-wms\target\classes started by admin in E:\JAVA\wms-ruoyi-master)
2025-06-05 17:32:22 [main] INFO  com.ruoyi.RuoYiApplication - The following 1 profile is active: "dev"
2025-06-05 17:32:24 [main] INFO  io.undertow.servlet - Initializing Spring embedded WebApplicationContext
2025-06-05 17:32:24 [main] INFO  c.b.d.d.DynamicRoutingDataSource - dynamic-datasource detect P6SPY plugin and enabled it
2025-06-05 17:32:24 [main] INFO  com.zaxxer.hikari.HikariDataSource - master - Starting...
2025-06-05 17:32:25 [main] INFO  com.zaxxer.hikari.pool.HikariPool - master - Added connection com.mysql.cj.jdbc.ConnectionImpl@126d0868
2025-06-05 17:32:25 [main] INFO  com.zaxxer.hikari.HikariDataSource - master - Start completed.
2025-06-05 17:32:25 [main] INFO  c.b.d.d.DynamicRoutingDataSource - dynamic-datasource - add a datasource named [slave] success
2025-06-05 17:32:25 [main] INFO  c.b.d.d.DynamicRoutingDataSource - dynamic-datasource - add a datasource named [master] success
2025-06-05 17:32:25 [main] INFO  c.b.d.d.DynamicRoutingDataSource - dynamic-datasource initial loaded [2] datasource,primary datasource named [master]
2025-06-05 17:32:26 [main] INFO  c.r.common.redis.config.RedisConfig - 初始化 redis 配置
2025-06-05 17:32:26 [main] INFO  org.redisson.Version - Redisson 3.29.0
2025-06-05 17:32:26 [redisson-netty-1-5] INFO  o.r.connection.ConnectionsHolder - 1 connections initialized for localhost/127.0.0.1:6379
2025-06-05 17:32:26 [redisson-netty-1-4] INFO  o.r.connection.ConnectionsHolder - 8 connections initialized for localhost/127.0.0.1:6379
2025-06-05 17:32:27 [main] INFO  c.r.common.json.config.JacksonConfig - 初始化 jackson 配置
2025-06-05 17:32:29 [main] INFO  io.undertow - starting server: Undertow - 2.3.13.Final
2025-06-05 17:32:29 [main] INFO  org.xnio - XNIO version 3.8.8.Final
2025-06-05 17:32:29 [main] INFO  org.xnio.nio - XNIO NIO Implementation Version 3.8.8.Final
2025-06-05 17:32:29 [main] INFO  org.jboss.threads - JBoss Threads version 3.5.0.Final
2025-06-05 17:32:29 [main] INFO  com.ruoyi.RuoYiApplication - Started RuoYiApplication in 7.697 seconds (process running for 8.457)
2025-06-05 17:32:29 [main] INFO  c.r.s.runner.SystemApplicationRunner - 初始化OSS配置成功
2025-06-05 17:32:29 [main] INFO  c.r.s.runner.SystemApplicationRunner - 加载参数缓存数据成功
2025-06-05 17:32:29 [main] INFO  c.r.s.runner.SystemApplicationRunner - 加载字典缓存数据成功
2025-06-05 17:39:30 [XNIO-1 task-2] INFO  io.undertow.servlet - Initializing Spring DispatcherServlet 'dispatcherServlet'
2025-06-05 17:39:30 [XNIO-1 task-2] INFO  c.r.c.w.i.PlusWebInvokeTimeInterceptor - [PLUS]开始请求 => URL[GET /captchaImage],无参数
2025-06-05 17:39:30 [XNIO-1 task-2] INFO  c.r.c.w.i.PlusWebInvokeTimeInterceptor - [PLUS]结束请求 => URL[GET /captchaImage],耗时:[351]毫秒
2025-06-05 17:39:34 [XNIO-1 task-2] INFO  c.r.c.w.i.PlusWebInvokeTimeInterceptor - [PLUS]开始请求 => URL[POST /login],参数类型[json],参数:[{"username":"admin","password":"000000","code":"1","uuid":"1352cc3b778d4bcba489ca39124b0cbf"}]
2025-06-05 17:39:34 [schedule-pool-1] INFO  c.r.s.service.SysLogininforService - [127.0.0.1]内网IP[admin][Success][登录成功]
2025-06-05 17:39:34 [XNIO-1 task-2] INFO  c.r.c.w.i.PlusWebInvokeTimeInterceptor - [PLUS]结束请求 => URL[POST /login],耗时:[523]毫秒
2025-06-05 17:39:34 [XNIO-1 task-5] INFO  c.r.c.w.i.PlusWebInvokeTimeInterceptor - [PLUS]开始请求 => URL[GET /getInfo],无参数
2025-06-05 17:39:34 [XNIO-1 task-2] INFO  c.r.c.w.i.PlusWebInvokeTimeInterceptor - [PLUS]开始请求 => URL[GET /wms/merchant/listNoPage],无参数
2025-06-05 17:39:34 [XNIO-1 task-3] INFO  c.r.c.w.i.PlusWebInvokeTimeInterceptor - [PLUS]开始请求 => URL[GET /wms/warehouse/listNoPage],无参数
2025-06-05 17:39:34 [XNIO-1 task-4] INFO  c.r.c.w.i.PlusWebInvokeTimeInterceptor - [PLUS]开始请求 => URL[GET /wms/itemCategory/listNoPage],无参数
2025-06-05 17:39:34 [XNIO-1 task-2] INFO  c.r.c.w.i.PlusWebInvokeTimeInterceptor - [PLUS]结束请求 => URL[GET /wms/merchant/listNoPage],耗时:[28]毫秒
2025-06-05 17:39:34 [XNIO-1 task-3] INFO  c.r.c.w.i.PlusWebInvokeTimeInterceptor - [PLUS]结束请求 => URL[GET /wms/warehouse/listNoPage],耗时:[28]毫秒
2025-06-05 17:39:34 [XNIO-1 task-4] INFO  c.r.c.w.i.PlusWebInvokeTimeInterceptor - [PLUS]结束请求 => URL[GET /wms/itemCategory/listNoPage],耗时:[28]毫秒
2025-06-05 17:39:34 [XNIO-1 task-5] INFO  c.r.c.w.i.PlusWebInvokeTimeInterceptor - [PLUS]结束请求 => URL[GET /getInfo],耗时:[47]毫秒
2025-06-05 17:39:35 [XNIO-1 task-2] INFO  c.r.c.w.i.PlusWebInvokeTimeInterceptor - [PLUS]开始请求 => URL[GET /wms/itemCategory/treeselect],无参数
2025-06-05 17:39:35 [XNIO-1 task-5] INFO  c.r.c.w.i.PlusWebInvokeTimeInterceptor - [PLUS]开始请求 => URL[GET /getRouters],无参数
2025-06-05 17:39:35 [XNIO-1 task-2] INFO  c.r.c.w.i.PlusWebInvokeTimeInterceptor - [PLUS]结束请求 => URL[GET /wms/itemCategory/treeselect],耗时:[9]毫秒
2025-06-05 17:39:35 [XNIO-1 task-5] INFO  c.r.c.w.i.PlusWebInvokeTimeInterceptor - [PLUS]结束请求 => URL[GET /getRouters],耗时:[16]毫秒
2025-06-05 17:39:35 [XNIO-1 task-2] INFO  c.r.c.w.i.PlusWebInvokeTimeInterceptor - [PLUS]开始请求 => URL[GET /wms/itemBrand/listNoPage],无参数
2025-06-05 17:39:35 [XNIO-1 task-2] INFO  c.r.c.w.i.PlusWebInvokeTimeInterceptor - [PLUS]结束请求 => URL[GET /wms/itemBrand/listNoPage],耗时:[16]毫秒
2025-06-05 17:39:48 [XNIO-1 task-2] INFO  c.r.c.w.i.PlusWebInvokeTimeInterceptor - [PLUS]开始请求 => URL[GET /getInfo],无参数
2025-06-05 17:39:48 [XNIO-1 task-4] INFO  c.r.c.w.i.PlusWebInvokeTimeInterceptor - [PLUS]开始请求 => URL[GET /wms/itemCategory/listNoPage],无参数
2025-06-05 17:39:48 [XNIO-1 task-5] INFO  c.r.c.w.i.PlusWebInvokeTimeInterceptor - [PLUS]开始请求 => URL[GET /wms/merchant/listNoPage],无参数
2025-06-05 17:39:48 [XNIO-1 task-3] INFO  c.r.c.w.i.PlusWebInvokeTimeInterceptor - [PLUS]开始请求 => URL[GET /wms/warehouse/listNoPage],无参数
2025-06-05 17:39:48 [XNIO-1 task-3] INFO  c.r.c.w.i.PlusWebInvokeTimeInterceptor - [PLUS]结束请求 => URL[GET /wms/warehouse/listNoPage],耗时:[4]毫秒
2025-06-05 17:39:48 [XNIO-1 task-5] INFO  c.r.c.w.i.PlusWebInvokeTimeInterceptor - [PLUS]结束请求 => URL[GET /wms/merchant/listNoPage],耗时:[5]毫秒
2025-06-05 17:39:48 [XNIO-1 task-2] INFO  c.r.c.w.i.PlusWebInvokeTimeInterceptor - [PLUS]结束请求 => URL[GET /getInfo],耗时:[18]毫秒
2025-06-05 17:39:48 [XNIO-1 task-4] INFO  c.r.c.w.i.PlusWebInvokeTimeInterceptor - [PLUS]结束请求 => URL[GET /wms/itemCategory/listNoPage],耗时:[10]毫秒
2025-06-05 17:39:48 [XNIO-1 task-4] INFO  c.r.c.w.i.PlusWebInvokeTimeInterceptor - [PLUS]开始请求 => URL[GET /getRouters],无参数
2025-06-05 17:39:48 [XNIO-1 task-2] INFO  c.r.c.w.i.PlusWebInvokeTimeInterceptor - [PLUS]开始请求 => URL[GET /wms/itemCategory/treeselect],无参数
2025-06-05 17:39:48 [XNIO-1 task-4] INFO  c.r.c.w.i.PlusWebInvokeTimeInterceptor - [PLUS]结束请求 => URL[GET /getRouters],耗时:[10]毫秒
2025-06-05 17:39:48 [XNIO-1 task-2] INFO  c.r.c.w.i.PlusWebInvokeTimeInterceptor - [PLUS]结束请求 => URL[GET /wms/itemCategory/treeselect],耗时:[13]毫秒
2025-06-05 17:39:48 [XNIO-1 task-2] INFO  c.r.c.w.i.PlusWebInvokeTimeInterceptor - [PLUS]开始请求 => URL[GET /wms/itemBrand/listNoPage],无参数
2025-06-05 17:39:48 [XNIO-1 task-2] INFO  c.r.c.w.i.PlusWebInvokeTimeInterceptor - [PLUS]结束请求 => URL[GET /wms/itemBrand/listNoPage],耗时:[4]毫秒
2025-06-05 17:39:51 [XNIO-1 task-2] INFO  c.r.c.w.i.PlusWebInvokeTimeInterceptor - [PLUS]开始请求 => URL[GET /system/user/profile],无参数
2025-06-05 17:39:51 [XNIO-1 task-2] INFO  c.r.c.w.i.PlusWebInvokeTimeInterceptor - [PLUS]结束请求 => URL[GET /system/user/profile],耗时:[18]毫秒
2025-06-05 22:35:37 [XNIO-1 task-2] INFO  c.r.c.w.i.PlusWebInvokeTimeInterceptor - [PLUS]开始请求 => URL[GET /system/dict/data/type/wms_inventory_history_type],无参数
2025-06-05 22:35:37 [XNIO-1 task-4] INFO  c.r.c.w.i.PlusWebInvokeTimeInterceptor - [PLUS]开始请求 => URL[GET /wms/inventoryHistory/list],参数类型[param],参数:[{"pageSize":["10"],"pageNum":["1"]}]
2025-06-05 22:35:37 [XNIO-1 task-2] INFO  c.r.c.w.i.PlusWebInvokeTimeInterceptor - [PLUS]结束请求 => URL[GET /system/dict/data/type/wms_inventory_history_type],耗时:[18]毫秒
2025-06-05 22:35:37 [XNIO-1 task-4] INFO  c.r.c.w.i.PlusWebInvokeTimeInterceptor - [PLUS]结束请求 => URL[GET /wms/inventoryHistory/list],耗时:[107]毫秒
2025-06-05 22:35:55 [XNIO-1 task-4] INFO  c.r.c.w.i.PlusWebInvokeTimeInterceptor - [PLUS]开始请求 => URL[GET /wms/inventory/boardList/warehouse],参数类型[param],参数:[{"pageSize":["10"],"pageNum":["1"]}]
2025-06-05 22:35:55 [XNIO-1 task-4] INFO  c.r.c.w.i.PlusWebInvokeTimeInterceptor - [PLUS]结束请求 => URL[GET /wms/inventory/boardList/warehouse],耗时:[22]毫秒
2025-06-05 22:35:57 [XNIO-1 task-4] INFO  c.r.c.w.i.PlusWebInvokeTimeInterceptor - [PLUS]开始请求 => URL[GET /wms/inventoryHistory/list],参数类型[param],参数:[{"pageSize":["10"],"pageNum":["1"]}]
2025-06-05 22:35:57 [XNIO-1 task-4] INFO  c.r.c.w.i.PlusWebInvokeTimeInterceptor - [PLUS]结束请求 => URL[GET /wms/inventoryHistory/list],耗时:[10]毫秒
2025-06-05 22:35:57 [XNIO-1 task-4] INFO  c.r.c.w.i.PlusWebInvokeTimeInterceptor - [PLUS]开始请求 => URL[GET /wms/inventory/boardList/warehouse],参数类型[param],参数:[{"pageSize":["10"],"pageNum":["1"]}]
2025-06-05 22:35:57 [XNIO-1 task-4] INFO  c.r.c.w.i.PlusWebInvokeTimeInterceptor - [PLUS]结束请求 => URL[GET /wms/inventory/boardList/warehouse],耗时:[19]毫秒
2025-06-05 23:37:15 [SpringApplicationShutdownHook] INFO  io.undertow - stopping server: Undertow - 2.3.13.Final
2025-06-05 23:37:15 [SpringApplicationShutdownHook] INFO  io.undertow.servlet - Destroying Spring FrameworkServlet 'dispatcherServlet'
2025-06-05 23:37:15 [SpringApplicationShutdownHook] INFO  c.r.c.core.config.ThreadPoolConfig - ====关闭后台任务任务线程池====
