2026-03-14 00:02:14 [XNIO-1 task-4] INFO  c.r.c.w.i.PlusWebInvokeTimeInterceptor - [PLUS]开始请求 => URL[POST /logout],无参数
2026-03-14 00:02:14 [schedule-pool-2] INFO  c.r.s.service.SysLogininforService - [0:0:0:0:0:0:0:1]内网IP[admin][Logout][退出成功]
2026-03-14 00:02:14 [XNIO-1 task-4] INFO  c.r.s.listener.UserActionListener - user doLogout, userId:sys_user:1, token:eyJ0eXAiOiJKV1QiLCJhbGciOiJIUzI1NiJ9.eyJsb2dpblR5cGUiOiJsb2dpbiIsImxvZ2luSWQiOiJzeXNfdXNlcjoxIiwicm5TdHIiOiJuUXJYRUFlQWlzajNZV0RPZk5BTGpWa29QS24xeURoNSIsInVzZXJJZCI6MX0.QL0EZ9tVImwQoWDTBbkvzd5angBIevJGbNeiJ7z4PQk
2026-03-14 00:02:14 [XNIO-1 task-4] INFO  c.r.c.w.i.PlusWebInvokeTimeInterceptor - [PLUS]结束请求 => URL[POST /logout],耗时:[23]毫秒
2026-03-14 00:02:16 [XNIO-1 task-4] INFO  c.r.c.w.i.PlusWebInvokeTimeInterceptor - [PLUS]开始请求 => URL[GET /captchaImage],无参数
2026-03-14 00:02:16 [XNIO-1 task-4] INFO  c.r.c.w.i.PlusWebInvokeTimeInterceptor - [PLUS]结束请求 => URL[GET /captchaImage],耗时:[35]毫秒
2026-03-14 00:07:01 [XNIO-1 task-4] INFO  c.r.c.w.i.PlusWebInvokeTimeInterceptor - [PLUS]开始请求 => URL[POST /login],参数类型[json],参数:[{"username":"admin","password":"000000","code":"14","uuid":"d075bebeb2814beea8d0e99253c1f2e4"}]
2026-03-14 00:07:01 [schedule-pool-4] INFO  c.r.s.service.SysLogininforService - [0:0:0:0:0:0:0:1]内网IP[admin][Error][验证码已失效]
2026-03-14 00:07:01 [XNIO-1 task-4] INFO  c.r.c.w.i.PlusWebInvokeTimeInterceptor - [PLUS]结束请求 => URL[POST /login],耗时:[42]毫秒
2026-03-14 00:07:01 [XNIO-1 task-4] INFO  c.r.c.w.i.PlusWebInvokeTimeInterceptor - [PLUS]开始请求 => URL[GET /captchaImage],无参数
2026-03-14 00:07:01 [XNIO-1 task-4] INFO  c.r.c.w.i.PlusWebInvokeTimeInterceptor - [PLUS]结束请求 => URL[GET /captchaImage],耗时:[12]毫秒
2026-03-14 00:07:05 [XNIO-1 task-4] INFO  c.r.c.w.i.PlusWebInvokeTimeInterceptor - [PLUS]开始请求 => URL[POST /login],参数类型[json],参数:[{"username":"admin","password":"000000","code":"4","uuid":"43a8760ce5f743538f65f070067ecce6"}]
2026-03-14 00:07:05 [schedule-pool-1] INFO  c.r.s.service.SysLogininforService - [0:0:0:0:0:0:0:1]内网IP[admin][Success][登录成功]
2026-03-14 00:07:05 [XNIO-1 task-4] INFO  c.r.c.w.i.PlusWebInvokeTimeInterceptor - [PLUS]结束请求 => URL[POST /login],耗时:[126]毫秒
2026-03-14 00:07:05 [XNIO-1 task-4] INFO  c.r.c.w.i.PlusWebInvokeTimeInterceptor - [PLUS]开始请求 => URL[GET /getInfo],无参数
2026-03-14 00:07:05 [XNIO-1 task-3] INFO  c.r.c.w.i.PlusWebInvokeTimeInterceptor - [PLUS]开始请求 => URL[GET /wms/merchant/listNoPage],无参数
2026-03-14 00:07:05 [XNIO-1 task-2] INFO  c.r.c.w.i.PlusWebInvokeTimeInterceptor - [PLUS]开始请求 => URL[GET /wms/itemCategory/listNoPage],无参数
2026-03-14 00:07:05 [XNIO-1 task-5] INFO  c.r.c.w.i.PlusWebInvokeTimeInterceptor - [PLUS]开始请求 => URL[GET /wms/warehouse/listNoPage],无参数
2026-03-14 00:07:05 [XNIO-1 task-3] INFO  c.r.c.w.i.PlusWebInvokeTimeInterceptor - [PLUS]结束请求 => URL[GET /wms/merchant/listNoPage],耗时:[6]毫秒
2026-03-14 00:07:05 [XNIO-1 task-5] INFO  c.r.c.w.i.PlusWebInvokeTimeInterceptor - [PLUS]结束请求 => URL[GET /wms/warehouse/listNoPage],耗时:[7]毫秒
2026-03-14 00:07:05 [XNIO-1 task-4] INFO  c.r.c.w.i.PlusWebInvokeTimeInterceptor - [PLUS]结束请求 => URL[GET /getInfo],耗时:[15]毫秒
2026-03-14 00:07:05 [XNIO-1 task-2] INFO  c.r.c.w.i.PlusWebInvokeTimeInterceptor - [PLUS]结束请求 => URL[GET /wms/itemCategory/listNoPage],耗时:[9]毫秒
2026-03-14 00:07:05 [XNIO-1 task-2] INFO  c.r.c.w.i.PlusWebInvokeTimeInterceptor - [PLUS]开始请求 => URL[GET /getRouters],无参数
2026-03-14 00:07:05 [XNIO-1 task-4] INFO  c.r.c.w.i.PlusWebInvokeTimeInterceptor - [PLUS]开始请求 => URL[GET /wms/itemCategory/treeselect],无参数
2026-03-14 00:07:05 [XNIO-1 task-4] INFO  c.r.c.w.i.PlusWebInvokeTimeInterceptor - [PLUS]结束请求 => URL[GET /wms/itemCategory/treeselect],耗时:[3]毫秒
2026-03-14 00:07:05 [XNIO-1 task-2] INFO  c.r.c.w.i.PlusWebInvokeTimeInterceptor - [PLUS]结束请求 => URL[GET /getRouters],耗时:[8]毫秒
2026-03-14 00:07:05 [XNIO-1 task-2] INFO  c.r.c.w.i.PlusWebInvokeTimeInterceptor - [PLUS]开始请求 => URL[GET /wms/itemBrand/listNoPage],无参数
2026-03-14 00:07:05 [XNIO-1 task-2] INFO  c.r.c.w.i.PlusWebInvokeTimeInterceptor - [PLUS]结束请求 => URL[GET /wms/itemBrand/listNoPage],耗时:[5]毫秒
2026-03-14 00:07:10 [XNIO-1 task-2] INFO  c.r.c.w.i.PlusWebInvokeTimeInterceptor - [PLUS]开始请求 => URL[GET /wms/itemSku/list],参数类型[param],参数:[{"pageSize":["10"],"pageNum":["1"]}]
2026-03-14 00:07:10 [XNIO-1 task-2] INFO  c.r.c.w.i.PlusWebInvokeTimeInterceptor - [PLUS]结束请求 => URL[GET /wms/itemSku/list],耗时:[16]毫秒
2026-03-14 00:23:10 [XNIO-1 task-2] INFO  c.r.c.w.i.PlusWebInvokeTimeInterceptor - [PLUS]开始请求 => URL[GET /wms/warehouse/listNoPage],无参数
2026-03-14 00:23:11 [XNIO-1 task-2] INFO  c.r.c.w.i.PlusWebInvokeTimeInterceptor - [PLUS]结束请求 => URL[GET /wms/warehouse/listNoPage],耗时:[38]毫秒
2026-03-14 00:23:48 [XNIO-1 task-2] INFO  c.r.c.w.i.PlusWebInvokeTimeInterceptor - [PLUS]开始请求 => URL[GET /wms/warehouse/1828364609002311682],无参数
2026-03-14 00:23:48 [XNIO-1 task-2] INFO  c.r.c.w.i.PlusWebInvokeTimeInterceptor - [PLUS]结束请求 => URL[GET /wms/warehouse/1828364609002311682],耗时:[18]毫秒
2026-03-14 00:24:11 [XNIO-1 task-2] INFO  c.r.c.w.i.PlusWebInvokeTimeInterceptor - [PLUS]开始请求 => URL[GET /wms/itemBrand/listNoPage],无参数
2026-03-14 00:24:11 [XNIO-1 task-2] INFO  c.r.c.w.i.PlusWebInvokeTimeInterceptor - [PLUS]结束请求 => URL[GET /wms/itemBrand/listNoPage],耗时:[14]毫秒
2026-03-14 00:25:01 [SpringApplicationShutdownHook] INFO  io.undertow - stopping server: Undertow - 2.3.13.Final
2026-03-14 00:25:01 [SpringApplicationShutdownHook] INFO  io.undertow.servlet - Destroying Spring FrameworkServlet 'dispatcherServlet'
2026-03-14 00:25:01 [SpringApplicationShutdownHook] INFO  c.r.c.core.config.ThreadPoolConfig - ====关闭后台任务任务线程池====
2026-03-14 00:25:01 [SpringApplicationShutdownHook] INFO  c.b.d.d.DynamicRoutingDataSource - dynamic-datasource start closing ....
2026-03-14 00:25:01 [SpringApplicationShutdownHook] INFO  c.b.d.d.d.DefaultDataSourceDestroyer - dynamic-datasource close the datasource named [slave] success,
2026-03-14 00:25:01 [SpringApplicationShutdownHook] INFO  com.zaxxer.hikari.HikariDataSource - master - Shutdown initiated...
2026-03-14 00:25:01 [SpringApplicationShutdownHook] INFO  com.zaxxer.hikari.HikariDataSource - master - Shutdown completed.
2026-03-14 00:25:01 [SpringApplicationShutdownHook] INFO  c.b.d.d.d.DefaultDataSourceDestroyer - dynamic-datasource close the datasource named [master] success,
2026-03-14 00:25:01 [SpringApplicationShutdownHook] INFO  c.b.d.d.DynamicRoutingDataSource - dynamic-datasource all closed success,bye
